[debug] > Exec(early(addDefaultCommands), None, None)
[debug] > Exec(addDefaultCommands, None, None)
[debug] > Exec(early(initialize), None, None)
[debug] > Exec(initialize, None, None)
[debug] > Exec(early(addPluginSbtFile="""C:\Users\c-prakhar.gupta\AppData\Local\Temp\idea1023.sbt"""), None, None)
[debug] > Exec(addPluginSbtFile="""C:\Users\c-prakhar.gupta\AppData\Local\Temp\idea1023.sbt""", None, None)
[debug] > Exec(boot, None, None)
[debug] > Exec(writeSbtVersion, None, None)
[debug] > Exec(reload, None, None)
[debug] > Exec(sbtStashOnFailure, None, None)
[debug] > Exec(onFailure loadFailed, None, None)
[debug] > Exec(loadp, None, None)
[info] welcome to sbt 1.4.3 (Oracle Corporation Java 16.0.2)
[debug]       Load.loadUnit: plugins took 117.8362ms
[debug]       Load.loadUnit: defsScala took 0.3626ms
[debug] [Loading] Scanning directory C:\Users\c-prakhar.gupta\.sbt\1.0\plugins
[debug] [Loading] Found non-root projects 
[debug] [Loading] Done in C:\Users\c-prakhar.gupta\.sbt\1.0\plugins, returning: ()
[debug] deducing auto plugins based on known facts Set(Atom(sbt.plugins.CorePlugin)) and clauses Clauses(List(Clause(Atom(sbt.plugins.JvmPlugin),Set(Atom(sbt.plugins.IvyPlugin))), Clause(Atom(sbt.ScriptedPlugin),Set(Atom(sbt.plugins.JvmPlugin))), Clause(Atom(sbt.plugins.SbtPlugin),Set(Atom(sbt.ScriptedPlugin))), Clause(Atom(sbt.plugins.SemanticdbPlugin),Set(Atom(sbt.plugins.JvmPlugin))), Clause(Atom(sbt.plugins.JUnitXmlReportPlugin),Set(Atom(sbt.plugins.JvmPlugin))), Clause(Atom(sbt.plugins.MiniDependencyTreePlugin),Set(Atom(sbt.plugins.JvmPlugin))), Clause(Atom(sbt.plugins.CorePlugin),Set(Atom(sbt.plugins.IvyPlugin))), Clause(Atom(sbt.plugins.IvyPlugin),Set(Atom(sbt.plugins.JvmPlugin))), Clause(Atom(sbt.plugins.JvmPlugin),Set(Atom(sbt.plugins.SemanticdbPlugin))), Clause(Atom(sbt.plugins.JvmPlugin),Set(Atom(sbt.plugins.JUnitXmlReportPlugin))), Clause(Atom(sbt.plugins.CorePlugin),Set(Atom(sbt.plugins.Giter8TemplatePlugin))), Clause(Atom(sbt.plugins.JvmPlugin),Set(Atom(sbt.plugins.MiniDependencyTreePlugin)))))
[debug]   :: deduced result: Matched(sbt.plugins.CorePlugin,sbt.plugins.Giter8TemplatePlugin,sbt.plugins.IvyPlugin,sbt.plugins.JvmPlugin,sbt.plugins.MiniDependencyTreePlugin,sbt.plugins.JUnitXmlReportPlugin,sbt.plugins.SemanticdbPlugin)
[debug] Plugins.deducer#function took 27.6667 ms
[debug]           Load.resolveProject(global-plugins) took 58.5235ms
[debug]         Load.loadTransitive: finalizeProject(Project(id global-plugins, base: C:\Users\c-prakhar.gupta\.sbt\1.0\plugins, plugins: List(<none>))) took 104.2244ms
[debug] [Loading] Done in C:\Users\c-prakhar.gupta\.sbt\1.0\plugins, returning: (global-plugins)
[debug]       Load.loadUnit: loadedProjectsRaw took 128.6975ms
[debug]       Load.loadUnit: cleanEvalClasses took 0.2134ms
[debug]     Load.loadUnit(file:/C:/Users/c-prakhar.gupta/.sbt/1.0/plugins/, ...) took 258.6797ms
[debug]   Load.apply: load took 428.1275ms
[debug]   Load.apply: resolveProjects took 5.6295ms
[debug]   Load.apply: finalTransforms took 54.0339ms
[debug]   Load.apply: config.delegates took 7.1431ms
[debug]   Load.apply: Def.make(settings)... took 708.8463ms
[debug]   Load.apply: structureIndex took 96.9209ms
[debug]   Load.apply: mkStreams took 1.2436ms
[info] loading global plugins from C:\Users\c-prakhar.gupta\.sbt\1.0\plugins
[debug] Running task... Cancel: Signal, check cycles: false, forcegc: true
[debug] Load.defaultLoad until apply took 2793.7727ms
[debug]           Load.loadUnit: plugins took 29.7841ms
[debug]           Load.loadUnit: defsScala took 0.0065ms
[debug] [Loading] Scanning directory C:\Users\c-prakhar.gupta\Desktop\untitled\Calc_Project\project
[debug]             Load.loadUnit: mkEval took 5.662ms
[debug] [Loading] Found non-root projects 
[debug] [Loading] Done in C:\Users\c-prakhar.gupta\Desktop\untitled\Calc_Project\project, returning: ()
[debug] deducing auto plugins based on known facts Set(Atom(sbt.plugins.CorePlugin)) and clauses Clauses(List(Clause(Atom(sbt.plugins.JvmPlugin),Set(Atom(sbt.plugins.IvyPlugin))), Clause(Atom(sbt.ScriptedPlugin),Set(Atom(sbt.plugins.JvmPlugin))), Clause(Atom(sbt.plugins.SbtPlugin),Set(Atom(sbt.ScriptedPlugin))), Clause(Atom(sbt.plugins.SemanticdbPlugin),Set(Atom(sbt.plugins.JvmPlugin))), Clause(Atom(sbt.plugins.JUnitXmlReportPlugin),Set(Atom(sbt.plugins.JvmPlugin))), Clause(Atom(sbt.plugins.MiniDependencyTreePlugin),Set(Atom(sbt.plugins.JvmPlugin))), Clause(Atom(sbt.plugins.CorePlugin),Set(Atom(sbt.plugins.IvyPlugin))), Clause(Atom(sbt.plugins.IvyPlugin),Set(Atom(sbt.plugins.JvmPlugin))), Clause(Atom(sbt.plugins.JvmPlugin),Set(Atom(sbt.plugins.SemanticdbPlugin))), Clause(Atom(sbt.plugins.JvmPlugin),Set(Atom(sbt.plugins.JUnitXmlReportPlugin))), Clause(Atom(sbt.plugins.CorePlugin),Set(Atom(sbt.plugins.Giter8TemplatePlugin))), Clause(Atom(sbt.plugins.JvmPlugin),Set(Atom(sbt.plugins.MiniDependencyTreePlugin)))))
[debug]   :: deduced result: Matched(sbt.plugins.CorePlugin,sbt.plugins.Giter8TemplatePlugin,sbt.plugins.IvyPlugin,sbt.plugins.JvmPlugin,sbt.plugins.MiniDependencyTreePlugin,sbt.plugins.JUnitXmlReportPlugin,sbt.plugins.SemanticdbPlugin)
[debug] Plugins.deducer#function took 1.6641 ms
[info] loading settings for project calc_project-build from idea1023.sbt ...
[debug]               Load.resolveProject(calc_project-build) took 8.5355ms
[debug]             Load.loadTransitive: finalizeProject(Project(id calc_project-build, base: C:\Users\c-prakhar.gupta\Desktop\untitled\Calc_Project\project, plugins: List(<none>))) took 10.6772ms
[debug] [Loading] Done in C:\Users\c-prakhar.gupta\Desktop\untitled\Calc_Project\project, returning: (calc_project-build)
[debug]           Load.loadUnit: loadedProjectsRaw took 157.0235ms
[debug]           Load.loadUnit: cleanEvalClasses took 5.2078ms
[debug]         Load.loadUnit(file:/C:/Users/c-prakhar.gupta/Desktop/untitled/Calc_Project/project/, ...) took 192.924ms
[debug]       Load.apply: load took 194.2129ms
[debug]       Load.apply: resolveProjects took 0.0935ms
[debug]       Load.apply: finalTransforms took 6.9321ms
[debug]       Load.apply: config.delegates took 0.2699ms
[debug]       Load.apply: Def.make(settings)... took 78.7382ms
[debug]       Load.apply: structureIndex took 21.8813ms
[debug]       Load.apply: mkStreams took 0.0019ms
[info] loading project definition from C:\Users\c-prakhar.gupta\Desktop\untitled\Calc_Project\project
[debug] Running task... Cancel: Signal, check cycles: false, forcegc: true
[debug]     Load.loadUnit: plugins took 520.3965ms
[debug]     Load.loadUnit: defsScala took 0.0028ms
[debug] [Loading] Scanning directory C:\Users\c-prakhar.gupta\Desktop\untitled\Calc_Project
[debug]       Load.loadUnit: mkEval took 0.1997ms
[debug] [Loading] Found non-root projects 
[debug] [Loading] Done in C:\Users\c-prakhar.gupta\Desktop\untitled\Calc_Project, returning: ()
[debug] deducing auto plugins based on known facts Set(Atom(sbt.plugins.CorePlugin)) and clauses Clauses(List(Clause(Atom(sbt.plugins.JvmPlugin),Set(Atom(sbt.plugins.IvyPlugin))), Clause(Atom(sbt.ScriptedPlugin),Set(Atom(sbt.plugins.JvmPlugin))), Clause(Atom(sbt.plugins.SbtPlugin),Set(Atom(sbt.ScriptedPlugin))), Clause(Atom(sbt.plugins.SemanticdbPlugin),Set(Atom(sbt.plugins.JvmPlugin))), Clause(Atom(sbt.plugins.JUnitXmlReportPlugin),Set(Atom(sbt.plugins.JvmPlugin))), Clause(Atom(sbt.plugins.MiniDependencyTreePlugin),Set(Atom(sbt.plugins.JvmPlugin))), Clause(Atom(org.jetbrains.sbt.StructurePlugin),Set(Atom(sbt.plugins.JvmPlugin))), Clause(Atom(org.jetbrains.sbt.IdeaShellPlugin),Set(Atom(sbt.plugins.JvmPlugin))), Clause(Atom(org.jetbrains.sbt.indices.SbtIntellijIndicesPlugin),Set(Atom(sbt.plugins.JvmPlugin))), Clause(Atom(sbt.plugins.CorePlugin),Set(Atom(sbt.plugins.IvyPlugin))), Clause(Atom(sbt.plugins.IvyPlugin),Set(Atom(sbt.plugins.JvmPlugin))), Clause(Atom(sbt.plugins.JvmPlugin),Set(Atom(sbt.plugins.SemanticdbPlugin))), Clause(Atom(sbt.plugins.JvmPlugin),Set(Atom(sbt.plugins.JUnitXmlReportPlugin))), Clause(Atom(sbt.plugins.CorePlugin),Set(Atom(sbt.plugins.Giter8TemplatePlugin))), Clause(Atom(sbt.plugins.JvmPlugin),Set(Atom(sbt.plugins.MiniDependencyTreePlugin))), Clause(Atom(sbt.plugins.JvmPlugin),Set(Atom(org.jetbrains.sbt.StructurePlugin))), Clause(Atom(sbt.plugins.JvmPlugin),Set(Atom(org.jetbrains.sbt.IdeaShellPlugin))), Clause(And(Set(Atom(sbt.plugins.CorePlugin), Atom(sbt.plugins.JvmPlugin))),Set(Atom(org.jetbrains.sbt.indices.SbtIntellijIndicesPlugin)))))
[debug]   :: deduced result: Matched(sbt.plugins.CorePlugin,sbt.plugins.Giter8TemplatePlugin,sbt.plugins.IvyPlugin,sbt.plugins.JvmPlugin,sbt.plugins.SemanticdbPlugin,org.jetbrains.sbt.indices.SbtIntellijIndicesPlugin,sbt.plugins.JUnitXmlReportPlugin,org.jetbrains.sbt.IdeaShellPlugin,org.jetbrains.sbt.StructurePlugin,sbt.plugins.MiniDependencyTreePlugin)
[debug] Plugins.deducer#function took 1.606 ms
[info] loading settings for project calc_project from build.sbt ...
[debug]         Load.resolveProject(calc_project) took 35.3462ms
[debug]       Load.loadTransitive: finalizeProject(Project(id calc_project, base: C:\Users\c-prakhar.gupta\Desktop\untitled\Calc_Project, plugins: List(<none>))) took 37.7946ms
[debug] [Loading] Done in C:\Users\c-prakhar.gupta\Desktop\untitled\Calc_Project, returning: (calc_project)
[debug]     Load.loadUnit: loadedProjectsRaw took 75.0973ms
[debug]     Load.loadUnit: cleanEvalClasses took 10.0891ms
[debug]   Load.loadUnit(file:/C:/Users/c-prakhar.gupta/Desktop/untitled/Calc_Project/, ...) took 606.2844ms
[debug] Load.apply: load took 607.66ms
[debug] Load.apply: resolveProjects took 0.0937ms
[debug] Load.apply: finalTransforms took 24.7266ms
[debug] Load.apply: config.delegates took 0.3574ms
[debug] Load.apply: Def.make(settings)... took 56.5905ms
[debug] Load.apply: structureIndex took 35.1227ms
[debug] Load.apply: mkStreams took 0.0031ms
[info] set current project to Calc_Project (in build file:/C:/Users/c-prakhar.gupta/Desktop/untitled/Calc_Project/)
[debug] > Exec(sbtPopOnFailure, None, None)
[debug] > Exec(resumeFromFailure, None, None)
[debug] > Exec(notifyUsersAboutShell, None, None)
[debug] > Exec(iflast shell, None, None)
[debug] > Exec(; set ideaPort in Global := 56062 ; idea-shell, None, None)
[debug] > Exec(set ideaPort in Global := 56062, None, None)
[info] Defining Global / ideaPort
[info] The new value will be used by Compile / compile, Test / compile
[debug] Defining 
[debug] 	Global / ideaPort
[debug] 
[debug] The new value will be used by 
[debug] 	Compile / compile
[debug] 	Test / compile
[info] Reapplying settings...
[info] set current project to Calc_Project (in build file:/C:/Users/c-prakhar.gupta/Desktop/untitled/Calc_Project/)
[debug] > Exec(idea-shell, None, None)
